2021-02-05 15:18:46,890   TRACE - Trazada: Menu principal.

2021-02-05 15:20:17,120   TRACE - Trazada: Menu de insercion de datos.

2021-02-05 15:20:19,511   TRACE - Trazada: Menu de insercion de datos del usuario.

2021-02-05 15:22:39,984   TRACE - Trazada: Menu principal.

2021-02-05 15:22:41,672   TRACE - Trazada: Menu de insercion de datos.

2021-02-05 15:22:42,492   TRACE - Trazada: Menu de insercion de datos del usuario.

2021-02-05 15:23:47,680   ERROR - Codigo de error: 20
Mensaje para el administrador: The Network Adapter could not establish the connectionSentencia SQL utilizada: null

2021-02-05 15:23:59,986   TRACE - Trazada: Menu principal.

2021-02-05 15:25:18,615   TRACE - Trazada: Menu principal.

2021-02-05 15:25:23,751   TRACE - Trazada: Menu de insercion de datos.

2021-02-05 15:25:25,829   TRACE - Trazada: Menu de insercion de datos del usuario.

2021-02-05 15:26:05,870   TRACE - Trazada: Menu principal.

2021-02-05 15:26:08,661   TRACE - Trazada: Menu de insercion de datos.

2021-02-05 15:26:10,173   TRACE - Trazada: Menu de insercion de datos del entrenamiento.

2021-02-05 15:28:59,041   TRACE - Trazada: Menu principal.

2021-02-05 15:29:00,721   TRACE - Trazada: Menu de insercion de datos.

2021-02-05 15:29:02,310   TRACE - Trazada: Menu de insercion de datos del entrenamiento.

2021-02-05 15:30:07,860   TRACE - Trazada: Menu principal.

2021-02-05 15:30:10,340   TRACE - Trazada: Menu de insercion de datos.

2021-02-05 15:30:11,767   TRACE - Trazada: Menu de insercion de datos del entrenamiento.

2021-02-05 15:37:02,372   TRACE - Trazada: Menu principal.

2021-02-05 15:37:04,846   TRACE - Trazada: Menu de modificacion de datos.

2021-02-05 15:37:06,600   TRACE - Trazada: Menu de modificacion de datos del entrenamiento.

2021-02-05 15:37:57,028   TRACE - Trazada: Menu principal.

2021-02-05 15:38:00,985   TRACE - Trazada: Menu de modificacion de datos.

2021-02-05 15:38:02,136   TRACE - Trazada: Menu de modificacion de datos del entrenamiento.

2021-02-05 15:38:22,836   TRACE - Trazada: Menu principal.

2021-02-05 15:38:25,810   TRACE - Trazada: Menu de modificacion de datos.

2021-02-05 15:38:28,556   TRACE - Trazada: Menu de modificacion de datos del entrenamiento.

2021-02-05 15:38:44,470   TRACE - Trazada: Menu principal.

